2025-04-26 09:20:44 INFO: Epoch 001 - Loss: 13.3562
2025-04-26 09:20:44 INFO: Epoch 002 - Loss: 7.5661
2025-04-26 09:20:45 INFO: Epoch 003 - Loss: 7.0723
2025-04-26 09:20:45 INFO: Epoch 004 - Loss: 4.5418
2025-04-26 09:20:45 INFO: Epoch 005 - Loss: 3.7460
2025-04-26 09:20:46 INFO: Epoch 006 - Loss: 5.5197
2025-04-26 09:20:46 INFO: Epoch 007 - Loss: 3.3993
2025-04-26 09:20:46 INFO: Epoch 008 - Loss: 3.0529
2025-04-26 09:20:46 INFO: Epoch 009 - Loss: 4.2501
2025-04-26 09:20:47 INFO: Epoch 010 - Loss: 3.1304
2025-04-26 09:20:47 INFO: Epoch 011 - Loss: 1.9142
2025-04-26 09:20:47 INFO: Epoch 012 - Loss: 3.5472
2025-04-26 09:20:47 INFO: Epoch 013 - Loss: 2.4817
2025-04-26 09:20:48 INFO: Epoch 014 - Loss: 4.1829
2025-04-26 09:20:48 INFO: Epoch 015 - Loss: 5.8320
2025-04-26 09:20:48 INFO: Epoch 016 - Loss: 3.3017
2025-04-26 09:20:49 INFO: Epoch 017 - Loss: 2.1326
2025-04-26 09:20:49 INFO: Epoch 018 - Loss: 3.3208
2025-04-26 09:20:49 INFO: Epoch 019 - Loss: 0.8033
2025-04-26 09:20:50 INFO: Epoch 020 - Loss: 1.4952
2025-04-26 09:20:50 INFO: Epoch 021 - Loss: 3.1584
2025-04-26 09:20:50 INFO: Epoch 022 - Loss: 2.2916
2025-04-26 09:20:50 INFO: Epoch 023 - Loss: 3.2934
2025-04-26 09:20:51 INFO: Epoch 024 - Loss: 1.3755
2025-04-26 09:20:51 INFO: Epoch 025 - Loss: 1.0214
2025-04-26 09:20:51 INFO: Epoch 026 - Loss: 0.7358
2025-04-26 09:20:52 INFO: Epoch 027 - Loss: 0.1307
2025-04-26 09:20:52 INFO: Epoch 028 - Loss: 5.3932
2025-04-26 09:20:52 INFO: Epoch 029 - Loss: 2.5896
2025-04-26 09:20:53 INFO: Epoch 030 - Loss: 2.0904
2025-04-26 09:20:53 INFO: Epoch 031 - Loss: 0.9501
2025-04-26 09:20:53 INFO: Epoch 032 - Loss: 0.1088
2025-04-26 09:20:54 INFO: Epoch 033 - Loss: 2.1051
2025-04-26 09:20:54 INFO: Epoch 034 - Loss: 1.0401
2025-04-26 09:20:54 INFO: Epoch 035 - Loss: 0.2248
2025-04-26 09:20:54 INFO: Epoch 036 - Loss: 0.1053
2025-04-26 09:20:55 INFO: Epoch 037 - Loss: 0.4017
2025-04-26 09:20:55 INFO: Epoch 038 - Loss: 0.2149
2025-04-26 09:20:56 INFO: Epoch 039 - Loss: 0.3880
2025-04-26 09:20:56 INFO: Epoch 040 - Loss: 2.8559
2025-04-26 09:20:56 INFO: Epoch 041 - Loss: 3.5329
2025-04-26 09:20:57 INFO: Epoch 042 - Loss: 5.2982
2025-04-26 09:20:57 INFO: Epoch 043 - Loss: 2.7836
2025-04-26 09:20:57 INFO: Epoch 044 - Loss: 0.4655
2025-04-26 09:20:58 INFO: Epoch 045 - Loss: 0.3373
2025-04-26 09:20:58 INFO: Epoch 046 - Loss: 0.0337
2025-04-26 09:20:58 INFO: Epoch 047 - Loss: 1.0210
2025-04-26 09:20:59 INFO: Epoch 048 - Loss: 1.5592
2025-04-26 09:20:59 INFO: Epoch 049 - Loss: 1.5688
2025-04-26 09:20:59 INFO: Epoch 050 - Loss: 0.4996
2025-04-26 09:21:00 INFO: Epoch 051 - Loss: 4.3231
2025-04-26 09:21:00 INFO: Epoch 052 - Loss: 0.7203
2025-04-26 09:21:00 INFO: Epoch 053 - Loss: 1.2466
2025-04-26 09:21:01 INFO: Epoch 054 - Loss: 0.3287
2025-04-26 09:21:01 INFO: Epoch 055 - Loss: 0.0741
2025-04-26 09:21:02 INFO: Epoch 056 - Loss: 0.0339
2025-04-26 09:21:02 INFO: Epoch 057 - Loss: 0.0069
2025-04-26 09:21:02 INFO: Epoch 058 - Loss: 0.0928
2025-04-26 09:21:03 INFO: Epoch 059 - Loss: 0.4695
2025-04-26 09:21:03 INFO: Epoch 060 - Loss: 0.3135
2025-04-26 09:21:03 INFO: Epoch 061 - Loss: 0.4281
2025-04-26 09:21:04 INFO: Epoch 062 - Loss: 0.8176
2025-04-26 09:21:04 INFO: Epoch 063 - Loss: 1.1410
2025-04-26 09:21:05 INFO: Epoch 064 - Loss: 0.2062
2025-04-26 09:21:05 INFO: Epoch 065 - Loss: 0.1167
2025-04-26 09:21:06 INFO: Epoch 066 - Loss: 0.2789
2025-04-26 09:21:06 INFO: Epoch 067 - Loss: 0.5869
2025-04-26 09:21:07 INFO: Epoch 068 - Loss: 1.0845
2025-04-26 09:21:07 INFO: Epoch 069 - Loss: 1.7924
2025-04-26 09:21:08 INFO: Epoch 070 - Loss: 8.5385
2025-04-26 09:21:08 INFO: Epoch 071 - Loss: 1.7827
2025-04-26 09:21:09 INFO: Epoch 072 - Loss: 0.1258
2025-04-26 09:21:09 INFO: Epoch 073 - Loss: 0.5803
2025-04-26 09:21:10 INFO: Epoch 074 - Loss: 1.2945
2025-04-26 09:21:10 INFO: Epoch 075 - Loss: 0.6667
2025-04-26 09:21:11 INFO: Epoch 076 - Loss: 0.0285
2025-04-26 09:21:11 INFO: Epoch 077 - Loss: 0.0211
2025-04-26 09:21:12 INFO: Epoch 078 - Loss: 0.1676
2025-04-26 09:21:12 INFO: Epoch 079 - Loss: 0.3457
2025-04-26 09:21:13 INFO: Epoch 080 - Loss: 18.3320
2025-04-26 09:21:13 INFO: Epoch 081 - Loss: 2.9386
2025-04-26 09:21:14 INFO: Epoch 082 - Loss: 0.9468
2025-04-26 09:21:14 INFO: Epoch 083 - Loss: 1.1987
2025-04-26 09:21:15 INFO: Epoch 084 - Loss: 0.2050
2025-04-26 09:21:15 INFO: Epoch 085 - Loss: 0.4035
2025-04-26 09:21:16 INFO: Epoch 086 - Loss: 3.3121
2025-04-26 09:21:16 INFO: Epoch 087 - Loss: 1.0085
2025-04-26 09:21:17 INFO: Epoch 088 - Loss: 4.9555
2025-04-26 09:21:17 INFO: Epoch 089 - Loss: 0.9860
2025-04-26 09:21:18 INFO: Epoch 090 - Loss: 0.4359
2025-04-26 09:21:18 INFO: Epoch 091 - Loss: 0.3861
2025-04-26 09:21:19 INFO: Epoch 092 - Loss: 0.2502
2025-04-26 09:21:19 INFO: Epoch 093 - Loss: 0.0671
2025-04-26 09:21:20 INFO: Epoch 094 - Loss: 0.0976
2025-04-26 09:21:20 INFO: Epoch 095 - Loss: 0.0383
2025-04-26 09:21:21 INFO: Epoch 096 - Loss: 0.0276
2025-04-26 09:21:21 INFO: Epoch 097 - Loss: 0.0786
2025-04-26 09:21:22 INFO: Epoch 098 - Loss: 0.0099
2025-04-26 09:21:22 INFO: Epoch 099 - Loss: 0.5766
2025-04-26 09:21:23 INFO: Epoch 100 - Loss: 0.2752
2025-04-26 09:21:23 INFO: Test Accuracy: 95.39%
2025-04-26 09:21:23 INFO: Confusion Matrix:
[[115   1]
 [  9  92]]
2025-04-26 12:24:51 INFO: Epoch 001 - Loss: 14.7388
2025-04-26 12:24:51 INFO: Epoch 002 - Loss: 8.2944
2025-04-26 12:24:52 INFO: Epoch 003 - Loss: 5.6445
2025-04-26 12:24:52 INFO: Epoch 004 - Loss: 4.3093
2025-04-26 12:24:52 INFO: Epoch 005 - Loss: 3.5985
2025-04-26 12:24:52 INFO: Epoch 006 - Loss: 3.2117
2025-04-26 12:24:53 INFO: Epoch 007 - Loss: 3.3430
2025-04-26 12:24:53 INFO: Epoch 008 - Loss: 2.5463
2025-04-26 12:24:53 INFO: Epoch 009 - Loss: 2.4150
2025-04-26 12:24:53 INFO: Epoch 010 - Loss: 2.0067
2025-04-26 12:24:53 INFO: Epoch 011 - Loss: 1.8379
2025-04-26 12:24:54 INFO: Epoch 012 - Loss: 2.8891
2025-04-26 12:24:54 INFO: Epoch 013 - Loss: 2.8976
2025-04-26 12:24:54 INFO: Epoch 014 - Loss: 1.6849
2025-04-26 12:24:54 INFO: Epoch 015 - Loss: 0.9317
2025-04-26 12:24:55 INFO: Epoch 016 - Loss: 2.1896
2025-04-26 12:24:55 INFO: Epoch 017 - Loss: 1.5726
2025-04-26 12:24:55 INFO: Epoch 018 - Loss: 0.6614
2025-04-26 12:24:55 INFO: Epoch 019 - Loss: 0.1876
2025-04-26 12:24:55 INFO: Epoch 020 - Loss: 0.7466
2025-04-26 12:24:56 INFO: Epoch 021 - Loss: 1.6747
2025-04-26 12:24:56 INFO: Epoch 022 - Loss: 0.6725
2025-04-26 12:24:56 INFO: Epoch 023 - Loss: 1.0549
2025-04-26 12:24:56 INFO: Epoch 024 - Loss: 1.4895
2025-04-26 12:24:57 INFO: Epoch 025 - Loss: 0.7632
2025-04-26 12:24:57 INFO: Epoch 026 - Loss: 1.5985
2025-04-26 12:24:57 INFO: Epoch 027 - Loss: 0.2262
2025-04-26 12:24:57 INFO: Epoch 028 - Loss: 0.0120
2025-04-26 12:24:58 INFO: Epoch 029 - Loss: 0.0131
2025-04-26 12:24:58 INFO: Epoch 030 - Loss: 0.0369
2025-04-26 12:24:58 INFO: Epoch 031 - Loss: 0.0009
2025-04-26 12:24:58 INFO: Epoch 032 - Loss: 0.0005
2025-04-26 12:24:59 INFO: Epoch 033 - Loss: 0.0010
2025-04-26 12:24:59 INFO: Epoch 034 - Loss: 2.1804
2025-04-26 12:24:59 INFO: Epoch 035 - Loss: 1.6621
2025-04-26 12:25:00 INFO: Epoch 036 - Loss: 0.7213
2025-04-26 12:25:00 INFO: Epoch 037 - Loss: 0.3143
2025-04-26 12:25:00 INFO: Epoch 038 - Loss: 0.3598
2025-04-26 12:25:00 INFO: Epoch 039 - Loss: 0.7463
2025-04-26 12:25:01 INFO: Epoch 040 - Loss: 0.3737
2025-04-26 12:25:01 INFO: Epoch 041 - Loss: 0.2420
2025-04-26 12:25:01 INFO: Epoch 042 - Loss: 0.2868
2025-04-26 12:25:01 INFO: Epoch 043 - Loss: 0.1321
2025-04-26 12:25:02 INFO: Epoch 044 - Loss: 0.3050
2025-04-26 12:25:02 INFO: Epoch 045 - Loss: 0.0582
2025-04-26 12:25:02 INFO: Epoch 046 - Loss: 0.0114
2025-04-26 12:25:02 INFO: Epoch 047 - Loss: 0.0031
2025-04-26 12:25:03 INFO: Epoch 048 - Loss: 0.5606
2025-04-26 12:25:03 INFO: Epoch 049 - Loss: 0.7549
2025-04-26 12:25:03 INFO: Epoch 050 - Loss: 0.0335
2025-04-26 12:25:04 INFO: Epoch 051 - Loss: 2.4865
2025-04-26 12:25:04 INFO: Epoch 052 - Loss: 0.8733
2025-04-26 12:25:04 INFO: Epoch 053 - Loss: 0.2953
2025-04-26 12:25:04 INFO: Epoch 054 - Loss: 0.0832
2025-04-26 12:25:05 INFO: Epoch 055 - Loss: 0.0446
2025-04-26 12:25:05 INFO: Epoch 056 - Loss: 0.4456
2025-04-26 12:25:05 INFO: Epoch 057 - Loss: 0.4310
2025-04-26 12:25:05 INFO: Epoch 058 - Loss: 0.7079
2025-04-26 12:25:06 INFO: Epoch 059 - Loss: 0.0128
2025-04-26 12:25:06 INFO: Epoch 060 - Loss: 0.0169
2025-04-26 12:25:06 INFO: Epoch 061 - Loss: 0.0471
2025-04-26 12:25:07 INFO: Epoch 062 - Loss: 0.0091
2025-04-26 12:25:07 INFO: Epoch 063 - Loss: 0.3821
2025-04-26 12:25:07 INFO: Epoch 064 - Loss: 0.0102
2025-04-26 12:25:07 INFO: Epoch 065 - Loss: 0.0034
2025-04-26 12:25:08 INFO: Epoch 066 - Loss: 0.0007
2025-04-26 12:25:08 INFO: Epoch 067 - Loss: 0.0011
2025-04-26 12:25:08 INFO: Epoch 068 - Loss: 0.0174
2025-04-26 12:25:09 INFO: Epoch 069 - Loss: 1.2337
2025-04-26 12:25:09 INFO: Epoch 070 - Loss: 8.3879
2025-04-26 12:25:09 INFO: Epoch 071 - Loss: 3.2360
2025-04-26 12:25:10 INFO: Epoch 072 - Loss: 2.1666
2025-04-26 12:25:10 INFO: Epoch 073 - Loss: 0.4235
2025-04-26 12:25:10 INFO: Epoch 074 - Loss: 0.1474
2025-04-26 12:25:10 INFO: Epoch 075 - Loss: 0.3521
2025-04-26 12:25:11 INFO: Epoch 076 - Loss: 1.7290
2025-04-26 12:25:11 INFO: Epoch 077 - Loss: 0.5453
2025-04-26 12:25:11 INFO: Epoch 078 - Loss: 0.2332
2025-04-26 12:25:11 INFO: Epoch 079 - Loss: 0.0740
2025-04-26 12:25:12 INFO: Epoch 080 - Loss: 0.0157
2025-04-26 12:25:12 INFO: Epoch 081 - Loss: 0.0055
2025-04-26 12:25:12 INFO: Epoch 082 - Loss: 0.0109
2025-04-26 12:25:13 INFO: Epoch 083 - Loss: 0.0041
2025-04-26 12:25:13 INFO: Epoch 084 - Loss: 0.0020
2025-04-26 12:25:13 INFO: Epoch 085 - Loss: 0.1917
2025-04-26 12:25:13 INFO: Epoch 086 - Loss: 0.0051
2025-04-26 12:25:14 INFO: Epoch 087 - Loss: 0.2052
2025-04-26 12:25:14 INFO: Epoch 088 - Loss: 5.2404
2025-04-26 12:25:14 INFO: Epoch 089 - Loss: 3.0620
2025-04-26 12:25:15 INFO: Epoch 090 - Loss: 0.7617
2025-04-26 12:25:15 INFO: Epoch 091 - Loss: 0.4816
2025-04-26 12:25:15 INFO: Epoch 092 - Loss: 0.2162
2025-04-26 12:25:15 INFO: Epoch 093 - Loss: 0.8050
2025-04-26 12:25:16 INFO: Epoch 094 - Loss: 0.2168
2025-04-26 12:25:16 INFO: Epoch 095 - Loss: 0.0766
2025-04-26 12:25:16 INFO: Epoch 096 - Loss: 0.0921
2025-04-26 12:25:17 INFO: Epoch 097 - Loss: 0.0503
2025-04-26 12:25:17 INFO: Epoch 098 - Loss: 0.3684
2025-04-26 12:25:17 INFO: Epoch 099 - Loss: 0.0966
2025-04-26 12:25:18 INFO: Epoch 100 - Loss: 0.2529
2025-04-26 12:25:18 INFO: Test Accuracy: 95.85%
2025-04-26 12:25:18 INFO: Confusion Matrix:
[[113   3]
 [  6  95]]
